<?xml version="1.0" encoding="UTF-8" standalone="no"?>
<!DOCTYPE log SYSTEM "logger.dtd">
<log>
<record>
  <date>2025-01-30T07:33:59.859918Z</date>
  <millis>1738222439859</millis>
  <nanos>918000</nanos>
  <sequence>0</sequence>
  <level>START</level>
  <class>com.kms.katalon.core.logging.XmlKeywordLogger</class>
  <method>startSuite</method>
  <thread>1</thread>
  <message>Start Test Suite : Test Suites/PMT_Libraries/Wallets</message>
  <nestedLevel>0</nestedLevel>
  <escapedJava>false</escapedJava>
  <property name="rerunTestFailImmediately">false</property>
  <property name="retryCount">0</property>
  <property name="name">Wallets</property>
  <property name="description"></property>
  <property name="id">Test Suites/PMT_Libraries/Wallets</property>
</record>
<record>
  <date>2025-01-30T07:33:59.882423Z</date>
  <millis>1738222439882</millis>
  <nanos>423000</nanos>
  <sequence>1</sequence>
  <level>RUN_DATA</level>
  <class>com.kms.katalon.core.logging.XmlKeywordLogger</class>
  <method>logMessage</method>
  <thread>1</thread>
  <message>hostName = manilacel - localhost</message>
  <nestedLevel>0</nestedLevel>
  <escapedJava>false</escapedJava>
  <property name="hostName">manilacel - localhost</property>
</record>
<record>
  <date>2025-01-30T07:33:59.883615Z</date>
  <millis>1738222439883</millis>
  <nanos>615000</nanos>
  <sequence>2</sequence>
  <level>RUN_DATA</level>
  <class>com.kms.katalon.core.logging.XmlKeywordLogger</class>
  <method>logMessage</method>
  <thread>1</thread>
  <message>os = Mac OS X 64bit</message>
  <nestedLevel>0</nestedLevel>
  <escapedJava>false</escapedJava>
  <property name="os">Mac OS X 64bit</property>
</record>
<record>
  <date>2025-01-30T07:33:59.884689Z</date>
  <millis>1738222439884</millis>
  <nanos>689000</nanos>
  <sequence>3</sequence>
  <level>RUN_DATA</level>
  <class>com.kms.katalon.core.logging.XmlKeywordLogger</class>
  <method>logMessage</method>
  <thread>1</thread>
  <message>hostAddress = 127.0.0.1</message>
  <nestedLevel>0</nestedLevel>
  <escapedJava>false</escapedJava>
  <property name="hostAddress">127.0.0.1</property>
</record>
<record>
  <date>2025-01-30T07:33:59.885660Z</date>
  <millis>1738222439885</millis>
  <nanos>660000</nanos>
  <sequence>4</sequence>
  <level>RUN_DATA</level>
  <class>com.kms.katalon.core.logging.XmlKeywordLogger</class>
  <method>logMessage</method>
  <thread>1</thread>
  <message>katalonVersion = 9.5.0.217</message>
  <nestedLevel>0</nestedLevel>
  <escapedJava>false</escapedJava>
  <property name="katalonVersion">9.5.0.217</property>
</record>
<record>
  <date>2025-01-30T07:34:00.030610Z</date>
  <millis>1738222440030</millis>
  <nanos>610000</nanos>
  <sequence>5</sequence>
  <level>START</level>
  <class>com.kms.katalon.core.logging.XmlKeywordLogger</class>
  <method>startTest</method>
  <thread>1</thread>
  <message>Start Test Case : Test Cases/Web_Utilities_TestCases/Wallets/TC4_Wallet_Delete</message>
  <nestedLevel>1</nestedLevel>
  <escapedJava>false</escapedJava>
  <property name="name">Test Cases/Web_Utilities_TestCases/Wallets/TC4_Wallet_Delete</property>
  <property name="description"></property>
  <property name="iteration"></property>
  <property name="id">Test Cases/Web_Utilities_TestCases/Wallets/TC4_Wallet_Delete</property>
  <property name="source">\Users\manilacel\Library\CloudStorage\OneDrive-RoyalCaribbeanGroup\PMT\Git\payment.web-utility-automation\payment.web-utility-automation\Test Cases\Web_Utilities_TestCases\Wallets\TC4_Wallet_Delete.tc</property>
  <property name="tag"></property>
  <property name="isOptional">false</property>
</record>
<record>
  <date>2025-01-30T07:34:01.953545Z</date>
  <millis>1738222441953</millis>
  <nanos>545000</nanos>
  <sequence>7</sequence>
  <level>START</level>
  <class>com.kms.katalon.core.logging.XmlKeywordLogger</class>
  <method>startKeyword</method>
  <thread>1</thread>
  <message>Start action : try</message>
  <nestedLevel>1</nestedLevel>
  <escapedJava>false</escapedJava>
  <property name="startLine">30</property>
  <property name="stepIndex">1</property>
</record>
<record>
  <date>2025-01-30T07:34:01.967586Z</date>
  <millis>1738222441967</millis>
  <nanos>586000</nanos>
  <sequence>8</sequence>
  <level>START</level>
  <class>com.kms.katalon.core.logging.XmlKeywordLogger</class>
  <method>startKeyword</method>
  <thread>1</thread>
  <message>Start action : utils.openBrowserAndNavigateToPMT()</message>
  <nestedLevel>2</nestedLevel>
  <escapedJava>false</escapedJava>
  <property name="startLine">31</property>
  <property name="stepIndex">1</property>
</record>
<record>
  <date>2025-01-30T07:34:02.377289Z</date>
  <millis>1738222442377</millis>
  <nanos>289000</nanos>
  <sequence>10</sequence>
  <level>INFO</level>
  <class>com.kms.katalon.core.logging.XmlKeywordLogger</class>
  <method>logMessage</method>
  <thread>1</thread>
  <message>Starting &amp;apos;Chrome&amp;apos; driver</message>
  <nestedLevel>1</nestedLevel>
  <escapedJava>false</escapedJava>
</record>
<record>
  <date>2025-01-30T07:34:02.418533Z</date>
  <millis>1738222442418</millis>
  <nanos>533000</nanos>
  <sequence>12</sequence>
  <level>INFO</level>
  <class>com.kms.katalon.core.logging.XmlKeywordLogger</class>
  <method>logMessage</method>
  <thread>1</thread>
  <message>Action delay is set to 0 milliseconds</message>
  <nestedLevel>1</nestedLevel>
  <escapedJava>false</escapedJava>
</record>
<record>
  <date>2025-01-30T07:34:05.451944Z</date>
  <millis>1738222445451</millis>
  <nanos>944000</nanos>
  <sequence>14</sequence>
  <level>RUN_DATA</level>
  <class>com.kms.katalon.core.logging.XmlKeywordLogger</class>
  <method>logMessage</method>
  <thread>1</thread>
  <message>sessionId = 6394018ffb29ebc7b634d6b05fb07016</message>
  <nestedLevel>1</nestedLevel>
  <escapedJava>false</escapedJava>
  <property name="sessionId">6394018ffb29ebc7b634d6b05fb07016</property>
</record>
<record>
  <date>2025-01-30T07:34:05.497486Z</date>
  <millis>1738222445497</millis>
  <nanos>486000</nanos>
  <sequence>15</sequence>
  <level>RUN_DATA</level>
  <class>com.kms.katalon.core.logging.XmlKeywordLogger</class>
  <method>logMessage</method>
  <thread>1</thread>
  <message>browser = Chrome 132.0.0.0</message>
  <nestedLevel>1</nestedLevel>
  <escapedJava>false</escapedJava>
  <property name="browser">Chrome 132.0.0.0</property>
</record>
<record>
  <date>2025-01-30T07:34:05.520961Z</date>
  <millis>1738222445520</millis>
  <nanos>961000</nanos>
  <sequence>16</sequence>
  <level>RUN_DATA</level>
  <class>com.kms.katalon.core.logging.XmlKeywordLogger</class>
  <method>logMessage</method>
  <thread>1</thread>
  <message>platform = Mac OS X</message>
  <nestedLevel>1</nestedLevel>
  <escapedJava>false</escapedJava>
  <property name="platform">Mac OS X</property>
</record>
<record>
  <date>2025-01-30T07:34:05.521927Z</date>
  <millis>1738222445521</millis>
  <nanos>927000</nanos>
  <sequence>17</sequence>
  <level>RUN_DATA</level>
  <class>com.kms.katalon.core.logging.XmlKeywordLogger</class>
  <method>logMessage</method>
  <thread>1</thread>
  <message>seleniumVersion = 3.141.59</message>
  <nestedLevel>1</nestedLevel>
  <escapedJava>false</escapedJava>
  <property name="seleniumVersion">3.141.59</property>
</record>
<record>
  <date>2025-01-30T07:34:05.545149Z</date>
  <millis>1738222445545</millis>
  <nanos>149000</nanos>
  <sequence>18</sequence>
  <level>RUN_DATA</level>
  <class>com.kms.katalon.core.logging.XmlKeywordLogger</class>
  <method>logMessage</method>
  <thread>1</thread>
  <message>proxyInformation = ProxyInformation { proxyOption=NO_PROXY, proxyServerType=HTTP, username=, password=********, proxyServerAddress=, proxyServerPort=0, executionList=&amp;quot;&amp;quot;, isApplyToDesiredCapabilities=true }</message>
  <nestedLevel>1</nestedLevel>
  <escapedJava>false</escapedJava>
  <property name="proxyInformation">ProxyInformation { proxyOption=NO_PROXY, proxyServerType=HTTP, username=, password=********, proxyServerAddress=, proxyServerPort=0, executionList=&quot;&quot;, isApplyToDesiredCapabilities=true }</property>
</record>
<record>
  <date>2025-01-30T07:34:05.589701Z</date>
  <millis>1738222445589</millis>
  <nanos>701000</nanos>
  <sequence>19</sequence>
  <level>PASSED</level>
  <class>com.kms.katalon.core.logging.XmlKeywordLogger</class>
  <method>logMessage</method>
  <thread>1</thread>
  <message>Browser is opened with url: &amp;apos;&amp;apos;</message>
  <nestedLevel>1</nestedLevel>
  <escapedJava>false</escapedJava>
  <property name="testops-method-name">com.kms.katalon.core.webui.keyword.builtin.OpenBrowserKeyword.openBrowser</property>
  <property name="testops-execution-stacktrace"></property>
</record>
<record>
  <date>2025-01-30T07:34:06.141047Z</date>
  <millis>1738222446141</millis>
  <nanos>47000</nanos>
  <sequence>21</sequence>
  <level>PASSED</level>
  <class>com.kms.katalon.core.logging.XmlKeywordLogger</class>
  <method>logMessage</method>
  <thread>1</thread>
  <message>Current window maximized</message>
  <nestedLevel>1</nestedLevel>
  <escapedJava>false</escapedJava>
  <property name="testops-method-name">com.kms.katalon.core.webui.keyword.builtin.MaximizeWindowKeyword.maximizeWindow</property>
  <property name="testops-execution-stacktrace"></property>
</record>
<record>
  <date>2025-01-30T07:34:09.667099Z</date>
  <millis>1738222449667</millis>
  <nanos>99000</nanos>
  <sequence>24</sequence>
  <level>PASSED</level>
  <class>com.kms.katalon.core.logging.XmlKeywordLogger</class>
  <method>logMessage</method>
  <thread>1</thread>
  <message>Navigate to &amp;apos;https://dev1.payment.rccl.com/payment/utilities&amp;apos; successfully</message>
  <nestedLevel>1</nestedLevel>
  <escapedJava>false</escapedJava>
  <property name="testops-method-name">com.kms.katalon.core.webui.keyword.builtin.NavigateToUrlKeyword.navigateToUrl</property>
  <property name="testops-execution-stacktrace"></property>
</record>
<record>
  <date>2025-01-30T07:34:09.693519Z</date>
  <millis>1738222449693</millis>
  <nanos>519000</nanos>
  <sequence>25</sequence>
  <level>END</level>
  <class>com.kms.katalon.core.logging.XmlKeywordLogger</class>
  <method>endKeyword</method>
  <thread>1</thread>
  <message>End action : utils.openBrowserAndNavigateToPMT()</message>
  <nestedLevel>2</nestedLevel>
  <escapedJava>false</escapedJava>
</record>
<record>
  <date>2025-01-30T07:34:09.743249Z</date>
  <millis>1738222449743</millis>
  <nanos>249000</nanos>
  <sequence>26</sequence>
  <level>START</level>
  <class>com.kms.katalon.core.logging.XmlKeywordLogger</class>
  <method>startKeyword</method>
  <thread>1</thread>
  <message>Start action : EXCEL_PATH = &amp;quot;./Data Files/TestData.xlsx&amp;quot;</message>
  <nestedLevel>2</nestedLevel>
  <escapedJava>false</escapedJava>
  <property name="startLine">33</property>
  <property name="stepIndex">2</property>
</record>
<record>
  <date>2025-01-30T07:34:09.766794Z</date>
  <millis>1738222449766</millis>
  <nanos>794000</nanos>
  <sequence>27</sequence>
  <level>END</level>
  <class>com.kms.katalon.core.logging.XmlKeywordLogger</class>
  <method>endKeyword</method>
  <thread>1</thread>
  <message>End action : EXCEL_PATH = &amp;quot;./Data Files/TestData.xlsx&amp;quot;</message>
  <nestedLevel>2</nestedLevel>
  <escapedJava>false</escapedJava>
</record>
<record>
  <date>2025-01-30T07:34:09.786067Z</date>
  <millis>1738222449786</millis>
  <nanos>67000</nanos>
  <sequence>28</sequence>
  <level>START</level>
  <class>com.kms.katalon.core.logging.XmlKeywordLogger</class>
  <method>startKeyword</method>
  <thread>1</thread>
  <message>Start action : TAB = &amp;quot;Wallet_Delete&amp;quot;</message>
  <nestedLevel>2</nestedLevel>
  <escapedJava>false</escapedJava>
  <property name="startLine">34</property>
  <property name="stepIndex">3</property>
</record>
<record>
  <date>2025-01-30T07:34:09.788337Z</date>
  <millis>1738222449788</millis>
  <nanos>337000</nanos>
  <sequence>29</sequence>
  <level>END</level>
  <class>com.kms.katalon.core.logging.XmlKeywordLogger</class>
  <method>endKeyword</method>
  <thread>1</thread>
  <message>End action : TAB = &amp;quot;Wallet_Delete&amp;quot;</message>
  <nestedLevel>2</nestedLevel>
  <escapedJava>false</escapedJava>
</record>
<record>
  <date>2025-01-30T07:34:09.788673Z</date>
  <millis>1738222449788</millis>
  <nanos>673000</nanos>
  <sequence>30</sequence>
  <level>START</level>
  <class>com.kms.katalon.core.logging.XmlKeywordLogger</class>
  <method>startKeyword</method>
  <thread>1</thread>
  <message>Start action : driver = getWebDriver()</message>
  <nestedLevel>2</nestedLevel>
  <escapedJava>false</escapedJava>
  <property name="startLine">35</property>
  <property name="stepIndex">4</property>
</record>
<record>
  <date>2025-01-30T07:34:09.799536Z</date>
  <millis>1738222449799</millis>
  <nanos>536000</nanos>
  <sequence>31</sequence>
  <level>END</level>
  <class>com.kms.katalon.core.logging.XmlKeywordLogger</class>
  <method>endKeyword</method>
  <thread>1</thread>
  <message>End action : driver = getWebDriver()</message>
  <nestedLevel>2</nestedLevel>
  <escapedJava>false</escapedJava>
</record>
<record>
  <date>2025-01-30T07:34:09.799940Z</date>
  <millis>1738222449799</millis>
  <nanos>940000</nanos>
  <sequence>32</sequence>
  <level>START</level>
  <class>com.kms.katalon.core.logging.XmlKeywordLogger</class>
  <method>startKeyword</method>
  <thread>1</thread>
  <message>Start action : utils.goToWallets()</message>
  <nestedLevel>2</nestedLevel>
  <escapedJava>false</escapedJava>
  <property name="startLine">36</property>
  <property name="stepIndex">5</property>
</record>
<record>
  <date>2025-01-30T07:34:11.121795Z</date>
  <millis>1738222451121</millis>
  <nanos>795000</nanos>
  <sequence>36</sequence>
  <level>END</level>
  <class>com.kms.katalon.core.logging.XmlKeywordLogger</class>
  <method>endKeyword</method>
  <thread>1</thread>
  <message>End action : utils.goToWallets()</message>
  <nestedLevel>2</nestedLevel>
  <escapedJava>false</escapedJava>
</record>
<record>
  <date>2025-01-30T07:34:11.141065Z</date>
  <millis>1738222451141</millis>
  <nanos>65000</nanos>
  <sequence>37</sequence>
  <level>START</level>
  <class>com.kms.katalon.core.logging.XmlKeywordLogger</class>
  <method>startKeyword</method>
  <thread>1</thread>
  <message>Start action : clickAuthorizePayment = xpath(&amp;quot;//a[normalize-space()=&amp;apos;Delete&amp;apos;]&amp;quot;)).click()</message>
  <nestedLevel>2</nestedLevel>
  <escapedJava>false</escapedJava>
  <property name="startLine">38</property>
  <property name="stepIndex">6</property>
</record>
<record>
  <date>2025-01-30T07:34:11.616124Z</date>
  <millis>1738222451616</millis>
  <nanos>124000</nanos>
  <sequence>39</sequence>
  <level>END</level>
  <class>com.kms.katalon.core.logging.XmlKeywordLogger</class>
  <method>endKeyword</method>
  <thread>1</thread>
  <message>End action : clickAuthorizePayment = xpath(&amp;quot;//a[normalize-space()=&amp;apos;Delete&amp;apos;]&amp;quot;)).click()</message>
  <nestedLevel>2</nestedLevel>
  <escapedJava>false</escapedJava>
</record>
<record>
  <date>2025-01-30T07:34:11.616847Z</date>
  <millis>1738222451616</millis>
  <nanos>847000</nanos>
  <sequence>40</sequence>
  <level>START</level>
  <class>com.kms.katalon.core.logging.XmlKeywordLogger</class>
  <method>startKeyword</method>
  <thread>1</thread>
  <message>Start action : utils.selectEnvironment(ENV)</message>
  <nestedLevel>2</nestedLevel>
  <escapedJava>false</escapedJava>
  <property name="startLine">39</property>
  <property name="stepIndex">7</property>
</record>
<record>
  <date>2025-01-30T07:34:12.183915Z</date>
  <millis>1738222452183</millis>
  <nanos>915000</nanos>
  <sequence>42</sequence>
  <level>END</level>
  <class>com.kms.katalon.core.logging.XmlKeywordLogger</class>
  <method>endKeyword</method>
  <thread>1</thread>
  <message>End action : utils.selectEnvironment(ENV)</message>
  <nestedLevel>2</nestedLevel>
  <escapedJava>false</escapedJava>
</record>
<record>
  <date>2025-01-30T07:34:12.184266Z</date>
  <millis>1738222452184</millis>
  <nanos>266000</nanos>
  <sequence>43</sequence>
  <level>START</level>
  <class>com.kms.katalon.core.logging.XmlKeywordLogger</class>
  <method>startKeyword</method>
  <thread>1</thread>
  <message>Start action : sendRequestTextBox = driver.findElement(By.xpath(&amp;quot;//textarea[@name=&amp;apos;req&amp;apos;]&amp;quot;))</message>
  <nestedLevel>2</nestedLevel>
  <escapedJava>false</escapedJava>
  <property name="startLine">40</property>
  <property name="stepIndex">8</property>
</record>
<record>
  <date>2025-01-30T07:34:12.410183Z</date>
  <millis>1738222452410</millis>
  <nanos>183000</nanos>
  <sequence>45</sequence>
  <level>END</level>
  <class>com.kms.katalon.core.logging.XmlKeywordLogger</class>
  <method>endKeyword</method>
  <thread>1</thread>
  <message>End action : sendRequestTextBox = driver.findElement(By.xpath(&amp;quot;//textarea[@name=&amp;apos;req&amp;apos;]&amp;quot;))</message>
  <nestedLevel>2</nestedLevel>
  <escapedJava>false</escapedJava>
</record>
<record>
  <date>2025-01-30T07:34:12.410522Z</date>
  <millis>1738222452410</millis>
  <nanos>522000</nanos>
  <sequence>46</sequence>
  <level>START</level>
  <class>com.kms.katalon.core.logging.XmlKeywordLogger</class>
  <method>startKeyword</method>
  <thread>1</thread>
  <message>Start action : fetchGuestAccount = sendRequest(findTestObject(&amp;quot;GuestAccount&amp;quot;))</message>
  <nestedLevel>2</nestedLevel>
  <escapedJava>false</escapedJava>
  <property name="startLine">42</property>
  <property name="stepIndex">9</property>
</record>
<record>
  <date>2025-01-30T07:34:14.553850Z</date>
  <millis>1738222454553</millis>
  <nanos>850000</nanos>
  <sequence>49</sequence>
  <level>INFO</level>
  <class>com.kms.katalon.core.logging.XmlKeywordLogger</class>
  <method>logMessage</method>
  <thread>1</thread>
  <message>HAR: /Users/manilacel/Library/CloudStorage/OneDrive-RoyalCaribbeanGroup/PMT/Git/payment.web-utility-automation/payment.web-utility-automation/Reports/20250130_153356/PMT_Libraries/Wallets/20250130_153356/requests/main/0.har</message>
  <nestedLevel>1</nestedLevel>
  <escapedJava>false</escapedJava>
  <property name="harId">78bbe258-2b87-4f58-a104-3dd52fc9f486</property>
</record>
<record>
  <date>2025-01-30T07:34:14.620940Z</date>
  <millis>1738222454620</millis>
  <nanos>940000</nanos>
  <sequence>50</sequence>
  <level>PASSED</level>
  <class>com.kms.katalon.core.logging.XmlKeywordLogger</class>
  <method>logMessage</method>
  <thread>1</thread>
  <message>Send request successfully</message>
  <nestedLevel>1</nestedLevel>
  <escapedJava>false</escapedJava>
  <property name="testops-method-name">com.kms.katalon.core.webservice.keyword.builtin.SendRequestKeyword.sendRequest</property>
  <property name="testops-execution-stacktrace"></property>
</record>
<record>
  <date>2025-01-30T07:34:14.623395Z</date>
  <millis>1738222454623</millis>
  <nanos>395000</nanos>
  <sequence>51</sequence>
  <level>END</level>
  <class>com.kms.katalon.core.logging.XmlKeywordLogger</class>
  <method>endKeyword</method>
  <thread>1</thread>
  <message>End action : fetchGuestAccount = sendRequest(findTestObject(&amp;quot;GuestAccount&amp;quot;))</message>
  <nestedLevel>2</nestedLevel>
  <escapedJava>false</escapedJava>
</record>
<record>
  <date>2025-01-30T07:34:14.623830Z</date>
  <millis>1738222454623</millis>
  <nanos>830000</nanos>
  <sequence>52</sequence>
  <level>START</level>
  <class>com.kms.katalon.core.logging.XmlKeywordLogger</class>
  <method>startKeyword</method>
  <thread>1</thread>
  <message>Start action : accountId = getElementPropertyValue(fetchGuestAccount, &amp;quot;payload.accountId&amp;quot;)</message>
  <nestedLevel>2</nestedLevel>
  <escapedJava>false</escapedJava>
  <property name="startLine">43</property>
  <property name="stepIndex">10</property>
</record>
<record>
  <date>2025-01-30T07:34:14.699590Z</date>
  <millis>1738222454699</millis>
  <nanos>590000</nanos>
  <sequence>57</sequence>
  <level>FAILED</level>
  <class>com.kms.katalon.core.logging.XmlKeywordLogger</class>
  <method>logMessage</method>
  <thread>1</thread>
  <message>Unable to get element property value (Root cause: groovy.json.JsonException: null not parse properly

The current character read is &amp;apos;n&amp;apos; with an int value of 110
null not parse properly
line number 1
index number 1
no healthy upstream
.^
	at org.apache.groovy.json.internal.JsonParserCharArray.decodeNull(JsonParserCharArray.java:230)
	at org.apache.groovy.json.internal.JsonParserCharArray.decodeValueInternal(JsonParserCharArray.java:174)
	at org.apache.groovy.json.internal.JsonParserCharArray.decodeValue(JsonParserCharArray.java:153)
	at org.apache.groovy.json.internal.JsonParserCharArray.decodeFromChars(JsonParserCharArray.java:43)
	at org.apache.groovy.json.internal.JsonParserCharArray.parse(JsonParserCharArray.java:380)
	at org.apache.groovy.json.internal.BaseJsonParser.parse(BaseJsonParser.java:113)
	at Script1.run(Script1.groovy:1)
	at com.kms.katalon.core.webservice.helper.WebServiceCommonHelper.parseAndGetPropertyValueForJson(WebServiceCommonHelper.java:243)
	at com.kms.katalon.core.webservice.keyword.builtin.GetElementPropertyValueKeyword$_getElementPropertyValue_closure1.doCall(GetElementPropertyValueKeyword.groovy:42)
	at com.kms.katalon.core.webservice.keyword.builtin.GetElementPropertyValueKeyword$_getElementPropertyValue_closure1.call(GetElementPropertyValueKeyword.groovy)
	at com.kms.katalon.core.keyword.internal.KeywordMain.runKeyword(KeywordMain.groovy:75)
	at com.kms.katalon.core.webservice.keyword.builtin.GetElementPropertyValueKeyword.getElementPropertyValue(GetElementPropertyValueKeyword.groovy:38)
	at com.kms.katalon.core.webservice.keyword.builtin.GetElementPropertyValueKeyword$getElementPropertyValue.callCurrent(Unknown Source)
	at com.kms.katalon.core.webservice.keyword.builtin.GetElementPropertyValueKeyword.execute(GetElementPropertyValueKeyword.groovy:33)
	at com.kms.katalon.core.keyword.internal.KeywordExecutor.executeKeywordForPlatform(KeywordExecutor.groovy:74)
	at com.kms.katalon.core.webservice.keyword.WSBuiltInKeywords.getElementPropertyValue(WSBuiltInKeywords.groovy:161)
	at TC4_Wallet_Delete.run(TC4_Wallet_Delete:43)
	at com.kms.katalon.core.main.ScriptEngine.run(ScriptEngine.java:194)
	at com.kms.katalon.core.main.ScriptEngine.runScriptAsRawText(ScriptEngine.java:119)
	at com.kms.katalon.core.main.TestCaseExecutor.runScript(TestCaseExecutor.java:448)
	at com.kms.katalon.core.main.TestCaseExecutor.doExecute(TestCaseExecutor.java:439)
	at com.kms.katalon.core.main.TestCaseExecutor.processExecutionPhase(TestCaseExecutor.java:418)
	at com.kms.katalon.core.main.TestCaseExecutor.accessMainPhase(TestCaseExecutor.java:410)
	at com.kms.katalon.core.main.TestCaseExecutor.execute(TestCaseExecutor.java:285)
	at com.kms.katalon.core.common.CommonExecutor.accessTestCaseMainPhase(CommonExecutor.java:65)
	at com.kms.katalon.core.main.TestSuiteExecutor.accessTestSuiteMainPhase(TestSuiteExecutor.java:150)
	at com.kms.katalon.core.main.TestSuiteExecutor.execute(TestSuiteExecutor.java:106)
	at com.kms.katalon.core.main.TestCaseMain.startTestSuite(TestCaseMain.java:180)
	at TempTestSuite1738222436165.run(TempTestSuite1738222436165.groovy:35)
	at java.base/jdk.internal.reflect.NativeMethodAccessorImpl.invoke0(Native Method)
	at java.base/jdk.internal.reflect.NativeMethodAccessorImpl.invoke(NativeMethodAccessorImpl.java:77)
	at java.base/jdk.internal.reflect.DelegatingMethodAccessorImpl.invoke(DelegatingMethodAccessorImpl.java:43)
)</message>
  <nestedLevel>1</nestedLevel>
  <escapedJava>false</escapedJava>
  <property name="failed.exception.stacktrace">groovy.json.JsonException: null not parse properly

The current character read is &apos;n&apos; with an int value of 110
null not parse properly
line number 1
index number 1
no healthy upstream
.^
	at org.apache.groovy.json.internal.JsonParserCharArray.decodeNull(JsonParserCharArray.java:230)
	at org.apache.groovy.json.internal.JsonParserCharArray.decodeValueInternal(JsonParserCharArray.java:174)
	at org.apache.groovy.json.internal.JsonParserCharArray.decodeValue(JsonParserCharArray.java:153)
	at org.apache.groovy.json.internal.JsonParserCharArray.decodeFromChars(JsonParserCharArray.java:43)
	at org.apache.groovy.json.internal.JsonParserCharArray.parse(JsonParserCharArray.java:380)
	at org.apache.groovy.json.internal.BaseJsonParser.parse(BaseJsonParser.java:113)
	at Script1.run(Script1.groovy:1)
	at com.kms.katalon.core.webservice.helper.WebServiceCommonHelper.parseAndGetPropertyValueForJson(WebServiceCommonHelper.java:243)
	at com.kms.katalon.core.webservice.keyword.builtin.GetElementPropertyValueKeyword$_getElementPropertyValue_closure1.doCall(GetElementPropertyValueKeyword.groovy:42)
	at com.kms.katalon.core.webservice.keyword.builtin.GetElementPropertyValueKeyword$_getElementPropertyValue_closure1.call(GetElementPropertyValueKeyword.groovy)
	at com.kms.katalon.core.keyword.internal.KeywordMain.runKeyword(KeywordMain.groovy:75)
	at com.kms.katalon.core.webservice.keyword.builtin.GetElementPropertyValueKeyword.getElementPropertyValue(GetElementPropertyValueKeyword.groovy:38)
	at com.kms.katalon.core.webservice.keyword.builtin.GetElementPropertyValueKeyword$getElementPropertyValue.callCurrent(Unknown Source)
	at com.kms.katalon.core.webservice.keyword.builtin.GetElementPropertyValueKeyword.execute(GetElementPropertyValueKeyword.groovy:33)
	at com.kms.katalon.core.keyword.internal.KeywordExecutor.executeKeywordForPlatform(KeywordExecutor.groovy:74)
	at com.kms.katalon.core.webservice.keyword.WSBuiltInKeywords.getElementPropertyValue(WSBuiltInKeywords.groovy:161)
	at TC4_Wallet_Delete.run(TC4_Wallet_Delete:43)
	at com.kms.katalon.core.main.ScriptEngine.run(ScriptEngine.java:194)
	at com.kms.katalon.core.main.ScriptEngine.runScriptAsRawText(ScriptEngine.java:119)
	at com.kms.katalon.core.main.TestCaseExecutor.runScript(TestCaseExecutor.java:448)
	at com.kms.katalon.core.main.TestCaseExecutor.doExecute(TestCaseExecutor.java:439)
	at com.kms.katalon.core.main.TestCaseExecutor.processExecutionPhase(TestCaseExecutor.java:418)
	at com.kms.katalon.core.main.TestCaseExecutor.accessMainPhase(TestCaseExecutor.java:410)
	at com.kms.katalon.core.main.TestCaseExecutor.execute(TestCaseExecutor.java:285)
	at com.kms.katalon.core.common.CommonExecutor.accessTestCaseMainPhase(CommonExecutor.java:65)
	at com.kms.katalon.core.main.TestSuiteExecutor.accessTestSuiteMainPhase(TestSuiteExecutor.java:150)
	at com.kms.katalon.core.main.TestSuiteExecutor.execute(TestSuiteExecutor.java:106)
	at com.kms.katalon.core.main.TestCaseMain.startTestSuite(TestCaseMain.java:180)
	at TempTestSuite1738222436165.run(TempTestSuite1738222436165.groovy:35)
	at java.base/jdk.internal.reflect.NativeMethodAccessorImpl.invoke0(Native Method)
	at java.base/jdk.internal.reflect.NativeMethodAccessorImpl.invoke(NativeMethodAccessorImpl.java:77)
	at java.base/jdk.internal.reflect.DelegatingMethodAccessorImpl.invoke(DelegatingMethodAccessorImpl.java:43)
</property>
  <property name="failed.exception.class">groovy.json.JsonException</property>
  <property name="testops-method-name">com.kms.katalon.core.webservice.keyword.builtin.GetElementPropertyValueKeyword.getElementPropertyValue</property>
  <property name="testops-execution-stacktrace">com.kms.katalon.core.logging.testops.TestOpsLogHelper.handleFailedLogEntry(TestOpsLogHelper.java:112)
com.kms.katalon.core.logging.KeywordLogger.logFailed(KeywordLogger.java:290)
com.kms.katalon.core.keyword.internal.KeywordMain.stepFailed(KeywordMain.groovy:43)
com.kms.katalon.core.keyword.internal.KeywordMain.stepFailed(KeywordMain.groovy)
com.kms.katalon.core.keyword.internal.KeywordMain.runKeyword(KeywordMain.groovy:77)
com.kms.katalon.core.webservice.keyword.builtin.GetElementPropertyValueKeyword.getElementPropertyValue(GetElementPropertyValueKeyword.groovy:38)
com.kms.katalon.core.webservice.keyword.builtin.GetElementPropertyValueKeyword$getElementPropertyValue.callCurrent(Unknown Source)
com.kms.katalon.core.webservice.keyword.builtin.GetElementPropertyValueKeyword.execute(GetElementPropertyValueKeyword.groovy:33)
com.kms.katalon.core.keyword.internal.KeywordExecutor.executeKeywordForPlatform(KeywordExecutor.groovy:74)
com.kms.katalon.core.webservice.keyword.WSBuiltInKeywords.getElementPropertyValue(WSBuiltInKeywords.groovy:161)
TC4_Wallet_Delete.run(TC4_Wallet_Delete:43)
</property>
  <property name="failed.exception.message">null not parse properly

The current character read is &apos;n&apos; with an int value of 110
null not parse properly
line number 1
index number 1
no healthy upstream
.^</property>
</record>
<record>
  <date>2025-01-30T07:34:14.710249Z</date>
  <millis>1738222454710</millis>
  <nanos>249000</nanos>
  <sequence>58</sequence>
  <level>END</level>
  <class>com.kms.katalon.core.logging.XmlKeywordLogger</class>
  <method>endKeyword</method>
  <thread>1</thread>
  <message>End action : accountId = getElementPropertyValue(fetchGuestAccount, &amp;quot;payload.accountId&amp;quot;)</message>
  <nestedLevel>2</nestedLevel>
  <escapedJava>false</escapedJava>
</record>
<record>
  <date>2025-01-30T07:34:14.728891Z</date>
  <millis>1738222454728</millis>
  <nanos>891000</nanos>
  <sequence>59</sequence>
  <level>END</level>
  <class>com.kms.katalon.core.logging.XmlKeywordLogger</class>
  <method>endKeyword</method>
  <thread>1</thread>
  <message>End action : try</message>
  <nestedLevel>1</nestedLevel>
  <escapedJava>false</escapedJava>
</record>
<record>
  <date>2025-01-30T07:34:14.729411Z</date>
  <millis>1738222454729</millis>
  <nanos>411000</nanos>
  <sequence>60</sequence>
  <level>START</level>
  <class>com.kms.katalon.core.logging.XmlKeywordLogger</class>
  <method>startKeyword</method>
  <thread>1</thread>
  <message>Start action : catch (Exception e)</message>
  <nestedLevel>1</nestedLevel>
  <escapedJava>false</escapedJava>
  <property name="startLine">97</property>
  <property name="stepIndex">4</property>
</record>
<record>
  <date>2025-01-30T07:34:14.772702Z</date>
  <millis>1738222454772</millis>
  <nanos>702000</nanos>
  <sequence>61</sequence>
  <level>START</level>
  <class>com.kms.katalon.core.logging.XmlKeywordLogger</class>
  <method>startKeyword</method>
  <thread>1</thread>
  <message>Start action : println(An unexpected error occurred: $e.message)</message>
  <nestedLevel>2</nestedLevel>
  <escapedJava>false</escapedJava>
  <property name="startLine">98</property>
  <property name="stepIndex">1</property>
</record>
<record>
  <date>2025-01-30T07:34:14.837024Z</date>
  <millis>1738222454837</millis>
  <nanos>24000</nanos>
  <sequence>62</sequence>
  <level>END</level>
  <class>com.kms.katalon.core.logging.XmlKeywordLogger</class>
  <method>endKeyword</method>
  <thread>1</thread>
  <message>End action : println(An unexpected error occurred: $e.message)</message>
  <nestedLevel>2</nestedLevel>
  <escapedJava>false</escapedJava>
</record>
<record>
  <date>2025-01-30T07:34:14.855992Z</date>
  <millis>1738222454855</millis>
  <nanos>992000</nanos>
  <sequence>63</sequence>
  <level>START</level>
  <class>com.kms.katalon.core.logging.XmlKeywordLogger</class>
  <method>startKeyword</method>
  <thread>1</thread>
  <message>Start action : e.printStackTrace()</message>
  <nestedLevel>2</nestedLevel>
  <escapedJava>false</escapedJava>
  <property name="startLine">100</property>
  <property name="stepIndex">2</property>
</record>
<record>
  <date>2025-01-30T07:34:14.861007Z</date>
  <millis>1738222454861</millis>
  <nanos>7000</nanos>
  <sequence>64</sequence>
  <level>END</level>
  <class>com.kms.katalon.core.logging.XmlKeywordLogger</class>
  <method>endKeyword</method>
  <thread>1</thread>
  <message>End action : e.printStackTrace()</message>
  <nestedLevel>2</nestedLevel>
  <escapedJava>false</escapedJava>
</record>
<record>
  <date>2025-01-30T07:34:14.892870Z</date>
  <millis>1738222454892</millis>
  <nanos>870000</nanos>
  <sequence>65</sequence>
  <level>END</level>
  <class>com.kms.katalon.core.logging.XmlKeywordLogger</class>
  <method>endKeyword</method>
  <thread>1</thread>
  <message>End action : catch (Exception e)</message>
  <nestedLevel>1</nestedLevel>
  <escapedJava>false</escapedJava>
</record>
<record>
  <date>2025-01-30T07:34:14.913861Z</date>
  <millis>1738222454913</millis>
  <nanos>861000</nanos>
  <sequence>66</sequence>
  <level>START</level>
  <class>com.kms.katalon.core.logging.XmlKeywordLogger</class>
  <method>startKeyword</method>
  <thread>1</thread>
  <message>Start action : Finally</message>
  <nestedLevel>1</nestedLevel>
  <escapedJava>false</escapedJava>
  <property name="startLine">102</property>
  <property name="stepIndex">5</property>
</record>
<record>
  <date>2025-01-30T07:34:14.957231Z</date>
  <millis>1738222454957</millis>
  <nanos>231000</nanos>
  <sequence>67</sequence>
  <level>START</level>
  <class>com.kms.katalon.core.logging.XmlKeywordLogger</class>
  <method>startKeyword</method>
  <thread>1</thread>
  <message>Start action : utils.closeBrowser()</message>
  <nestedLevel>3</nestedLevel>
  <escapedJava>false</escapedJava>
  <property name="startLine">103</property>
  <property name="stepIndex">1</property>
</record>
<record>
  <date>2025-01-30T07:34:16.995007Z</date>
  <millis>1738222456995</millis>
  <nanos>7000</nanos>
  <sequence>69</sequence>
  <level>PASSED</level>
  <class>com.kms.katalon.core.logging.XmlKeywordLogger</class>
  <method>logMessage</method>
  <thread>1</thread>
  <message>Delayed 2 second(s)</message>
  <nestedLevel>1</nestedLevel>
  <escapedJava>false</escapedJava>
  <property name="testops-method-name">com.kms.katalon.core.keyword.builtin.DelayKeyword.delay</property>
  <property name="testops-execution-stacktrace"></property>
</record>
<record>
  <date>2025-01-30T07:34:17.139509Z</date>
  <millis>1738222457139</millis>
  <nanos>509000</nanos>
  <sequence>71</sequence>
  <level>PASSED</level>
  <class>com.kms.katalon.core.logging.XmlKeywordLogger</class>
  <method>logMessage</method>
  <thread>1</thread>
  <message>Browser is closed</message>
  <nestedLevel>1</nestedLevel>
  <escapedJava>false</escapedJava>
  <property name="testops-method-name">com.kms.katalon.core.webui.keyword.builtin.CloseBrowserKeyword.closeBrowser</property>
  <property name="testops-execution-stacktrace"></property>
</record>
<record>
  <date>2025-01-30T07:34:17.140006Z</date>
  <millis>1738222457140</millis>
  <nanos>6000</nanos>
  <sequence>72</sequence>
  <level>END</level>
  <class>com.kms.katalon.core.logging.XmlKeywordLogger</class>
  <method>endKeyword</method>
  <thread>1</thread>
  <message>End action : utils.closeBrowser()</message>
  <nestedLevel>3</nestedLevel>
  <escapedJava>false</escapedJava>
</record>
<record>
  <date>2025-01-30T07:34:17.140406Z</date>
  <millis>1738222457140</millis>
  <nanos>406000</nanos>
  <sequence>73</sequence>
  <level>END</level>
  <class>com.kms.katalon.core.logging.XmlKeywordLogger</class>
  <method>endKeyword</method>
  <thread>1</thread>
  <message>End action : Finally</message>
  <nestedLevel>1</nestedLevel>
  <escapedJava>false</escapedJava>
</record>
<record>
  <date>2025-01-30T07:34:17.141277Z</date>
  <millis>1738222457141</millis>
  <nanos>277000</nanos>
  <sequence>74</sequence>
  <level>PASSED</level>
  <class>com.kms.katalon.core.logging.XmlKeywordLogger</class>
  <method>logMessage</method>
  <thread>1</thread>
  <message>Test Cases/Web_Utilities_TestCases/Wallets/TC4_Wallet_Delete</message>
  <nestedLevel>1</nestedLevel>
  <escapedJava>false</escapedJava>
</record>
<record>
  <date>2025-01-30T07:34:19.227537Z</date>
  <millis>1738222459227</millis>
  <nanos>537000</nanos>
  <sequence>75</sequence>
  <level>START</level>
  <class>com.kms.katalon.core.logging.XmlKeywordLogger</class>
  <method>startKeyword</method>
  <thread>1</thread>
  <message>Start action : Video</message>
  <nestedLevel>1</nestedLevel>
  <escapedJava>false</escapedJava>
</record>
<record>
  <date>2025-01-30T07:34:19.227953Z</date>
  <millis>1738222459227</millis>
  <nanos>953000</nanos>
  <sequence>76</sequence>
  <level>INFO</level>
  <class>com.kms.katalon.core.logging.XmlKeywordLogger</class>
  <method>logMessage</method>
  <thread>1</thread>
  <message>Video recording for test case &amp;apos;Test Cases/Web_Utilities_TestCases/Wallets/TC4_Wallet_Delete&amp;apos; .</message>
  <nestedLevel>1</nestedLevel>
  <escapedJava>false</escapedJava>
  <property name="video-attachment">videos/screen_recording_1_0.mov</property>
</record>
<record>
  <date>2025-01-30T07:34:19.228267Z</date>
  <millis>1738222459228</millis>
  <nanos>267000</nanos>
  <sequence>77</sequence>
  <level>END</level>
  <class>com.kms.katalon.core.logging.XmlKeywordLogger</class>
  <method>endKeyword</method>
  <thread>1</thread>
  <message>End End action : Video</message>
  <nestedLevel>1</nestedLevel>
  <escapedJava>false</escapedJava>
</record>
<record>
  <date>2025-01-30T07:34:19.229075Z</date>
  <millis>1738222459229</millis>
  <nanos>75000</nanos>
  <sequence>78</sequence>
  <level>END</level>
  <class>com.kms.katalon.core.logging.XmlKeywordLogger</class>
  <method>endTest</method>
  <thread>1</thread>
  <message>End Test Case : Test Cases/Web_Utilities_TestCases/Wallets/TC4_Wallet_Delete</message>
  <nestedLevel>0</nestedLevel>
  <escapedJava>false</escapedJava>
  <property name="executionBindingVariables">[]</property>
  <property name="applitools">false</property>
  <property name="keywordsUsage">{
  &quot;web_ui&quot;: true,
  &quot;web_service&quot;: true,
  &quot;cucumber&quot;: false,
  &quot;builtin&quot;: true,
  &quot;mobile&quot;: false,
  &quot;windows&quot;: false,
  &quot;testng&quot;: false
}</property>
</record>
<record>
  <date>2025-01-30T07:34:19.231011Z</date>
  <millis>1738222459231</millis>
  <nanos>11000</nanos>
  <sequence>79</sequence>
  <level>START</level>
  <class>com.kms.katalon.core.logging.XmlKeywordLogger</class>
  <method>startKeyword</method>
  <thread>1</thread>
  <message>Start listener action : exportKatalonReports</message>
  <nestedLevel>0</nestedLevel>
  <escapedJava>false</escapedJava>
</record>
<record>
  <date>2025-01-30T07:34:19.398619Z</date>
  <millis>1738222459398</millis>
  <nanos>619000</nanos>
  <sequence>199</sequence>
  <level>INFO</level>
  <class>com.kms.katalon.core.logging.XmlKeywordLogger</class>
  <method>logMessage</method>
  <thread>1</thread>
  <message>Start generating HTML report folder at: /Users/manilacel/Library/CloudStorage/OneDrive-RoyalCaribbeanGroup/PMT/Git/payment.web-utility-automation/payment.web-utility-automation/Reports/20250130_153356/PMT_Libraries/Wallets/20250130_153356...</message>
  <nestedLevel>0</nestedLevel>
  <escapedJava>false</escapedJava>
</record>
<record>
  <date>2025-01-30T07:34:19.447355Z</date>
  <millis>1738222459447</millis>
  <nanos>355000</nanos>
  <sequence>200</sequence>
  <level>INFO</level>
  <class>com.kms.katalon.core.logging.XmlKeywordLogger</class>
  <method>logMessage</method>
  <thread>1</thread>
  <message>HTML report generated</message>
  <nestedLevel>0</nestedLevel>
  <escapedJava>false</escapedJava>
</record>
<record>
  <date>2025-01-30T07:34:19.447885Z</date>
  <millis>1738222459447</millis>
  <nanos>885000</nanos>
  <sequence>201</sequence>
  <level>INFO</level>
  <class>com.kms.katalon.core.logging.XmlKeywordLogger</class>
  <method>logMessage</method>
  <thread>1</thread>
  <message>Start generating CSV report folder at: /Users/manilacel/Library/CloudStorage/OneDrive-RoyalCaribbeanGroup/PMT/Git/payment.web-utility-automation/payment.web-utility-automation/Reports/20250130_153356/PMT_Libraries/Wallets/20250130_153356...</message>
  <nestedLevel>0</nestedLevel>
  <escapedJava>false</escapedJava>
</record>
<record>
  <date>2025-01-30T07:34:19.465743Z</date>
  <millis>1738222459465</millis>
  <nanos>743000</nanos>
  <sequence>202</sequence>
  <level>INFO</level>
  <class>com.kms.katalon.core.logging.XmlKeywordLogger</class>
  <method>logMessage</method>
  <thread>1</thread>
  <message>CSV report generated</message>
  <nestedLevel>0</nestedLevel>
  <escapedJava>false</escapedJava>
</record>
<record>
  <date>2025-01-30T07:34:19.466326Z</date>
  <millis>1738222459466</millis>
  <nanos>326000</nanos>
  <sequence>203</sequence>
  <level>INFO</level>
  <class>com.kms.katalon.core.logging.XmlKeywordLogger</class>
  <method>logMessage</method>
  <thread>1</thread>
  <message>Start generating PDF report folder at: /Users/manilacel/Library/CloudStorage/OneDrive-RoyalCaribbeanGroup/PMT/Git/payment.web-utility-automation/payment.web-utility-automation/Reports/20250130_153356/PMT_Libraries/Wallets/20250130_153356...</message>
  <nestedLevel>0</nestedLevel>
  <escapedJava>false</escapedJava>
</record>
<record>
  <date>2025-01-30T07:34:21.986720Z</date>
  <millis>1738222461986</millis>
  <nanos>720000</nanos>
  <sequence>204</sequence>
  <level>INFO</level>
  <class>com.kms.katalon.core.logging.XmlKeywordLogger</class>
  <method>logMessage</method>
  <thread>1</thread>
  <message>PDF report generated</message>
  <nestedLevel>0</nestedLevel>
  <escapedJava>false</escapedJava>
</record>
<record>
  <date>2025-01-30T07:34:21.990813Z</date>
  <millis>1738222461990</millis>
  <nanos>813000</nanos>
  <sequence>206</sequence>
  <level>END</level>
  <class>com.kms.katalon.core.logging.XmlKeywordLogger</class>
  <method>endKeyword</method>
  <thread>1</thread>
  <message>End listener action : exportKatalonReports</message>
  <nestedLevel>0</nestedLevel>
  <escapedJava>false</escapedJava>
</record>
<record>
  <date>2025-01-30T07:34:22.014125Z</date>
  <millis>1738222462014</millis>
  <nanos>125000</nanos>
  <sequence>207</sequence>
  <level>END</level>
  <class>com.kms.katalon.core.logging.XmlKeywordLogger</class>
  <method>endSuite</method>
  <thread>1</thread>
  <message>End Test Suite : Test Suites/PMT_Libraries/Wallets</message>
  <nestedLevel>0</nestedLevel>
  <escapedJava>false</escapedJava>
</record>
</log>
