<?xml version="1.0" encoding="UTF-8" standalone="no"?>
<!DOCTYPE log SYSTEM "logger.dtd">
<log>
<record>
  <date>2025-01-16T03:44:53.439048Z</date>
  <millis>1736999093439</millis>
  <nanos>48000</nanos>
  <sequence>0</sequence>
  <level>START</level>
  <class>com.kms.katalon.core.logging.XmlKeywordLogger</class>
  <method>startSuite</method>
  <thread>1</thread>
  <message>Start Test Suite : Test Suites/PMT_Libraries/cardTokenization</message>
  <nestedLevel>0</nestedLevel>
  <escapedJava>false</escapedJava>
  <property name="rerunTestFailImmediately">false</property>
  <property name="retryCount">0</property>
  <property name="name">cardTokenization</property>
  <property name="description"></property>
  <property name="id">Test Suites/PMT_Libraries/cardTokenization</property>
</record>
<record>
  <date>2025-01-16T03:44:53.462307Z</date>
  <millis>1736999093462</millis>
  <nanos>307000</nanos>
  <sequence>1</sequence>
  <level>RUN_DATA</level>
  <class>com.kms.katalon.core.logging.XmlKeywordLogger</class>
  <method>logMessage</method>
  <thread>1</thread>
  <message>hostName = manilacel - localhost</message>
  <nestedLevel>0</nestedLevel>
  <escapedJava>false</escapedJava>
  <property name="hostName">manilacel - localhost</property>
</record>
<record>
  <date>2025-01-16T03:44:53.464192Z</date>
  <millis>1736999093464</millis>
  <nanos>192000</nanos>
  <sequence>2</sequence>
  <level>RUN_DATA</level>
  <class>com.kms.katalon.core.logging.XmlKeywordLogger</class>
  <method>logMessage</method>
  <thread>1</thread>
  <message>os = Mac OS X 64bit</message>
  <nestedLevel>0</nestedLevel>
  <escapedJava>false</escapedJava>
  <property name="os">Mac OS X 64bit</property>
</record>
<record>
  <date>2025-01-16T03:44:53.465954Z</date>
  <millis>1736999093465</millis>
  <nanos>954000</nanos>
  <sequence>3</sequence>
  <level>RUN_DATA</level>
  <class>com.kms.katalon.core.logging.XmlKeywordLogger</class>
  <method>logMessage</method>
  <thread>1</thread>
  <message>hostAddress = 127.0.0.1</message>
  <nestedLevel>0</nestedLevel>
  <escapedJava>false</escapedJava>
  <property name="hostAddress">127.0.0.1</property>
</record>
<record>
  <date>2025-01-16T03:44:53.466934Z</date>
  <millis>1736999093466</millis>
  <nanos>934000</nanos>
  <sequence>4</sequence>
  <level>RUN_DATA</level>
  <class>com.kms.katalon.core.logging.XmlKeywordLogger</class>
  <method>logMessage</method>
  <thread>1</thread>
  <message>katalonVersion = 9.5.0.217</message>
  <nestedLevel>0</nestedLevel>
  <escapedJava>false</escapedJava>
  <property name="katalonVersion">9.5.0.217</property>
</record>
<record>
  <date>2025-01-16T03:44:53.677627Z</date>
  <millis>1736999093677</millis>
  <nanos>627000</nanos>
  <sequence>5</sequence>
  <level>START</level>
  <class>com.kms.katalon.core.logging.XmlKeywordLogger</class>
  <method>startTest</method>
  <thread>1</thread>
  <message>Start Test Case : Test Cases/Web_Utilities_TestCases/cardTokenization/TC2_CardTokenization_GenerateToken</message>
  <nestedLevel>1</nestedLevel>
  <escapedJava>false</escapedJava>
  <property name="name">Test Cases/Web_Utilities_TestCases/cardTokenization/TC2_CardTokenization_GenerateToken</property>
  <property name="description"></property>
  <property name="iteration"></property>
  <property name="id">Test Cases/Web_Utilities_TestCases/cardTokenization/TC2_CardTokenization_GenerateToken</property>
  <property name="source">\Users\manilacel\Library\CloudStorage\OneDrive-RoyalCaribbeanGroup\PMT\Git\payment.web-utility-automation\payment.web-utility-automation\Test Cases\Web_Utilities_TestCases\cardTokenization\TC2_CardTokenization_GenerateToken.tc</property>
  <property name="tag"></property>
  <property name="isOptional">false</property>
</record>
<record>
  <date>2025-01-16T03:45:02.122451Z</date>
  <millis>1736999102122</millis>
  <nanos>451000</nanos>
  <sequence>7</sequence>
  <level>END</level>
  <class>com.kms.katalon.core.logging.XmlKeywordLogger</class>
  <method>endTest</method>
  <thread>1</thread>
  <message>End Test Case : Test Cases/Web_Utilities_TestCases/cardTokenization/TC2_CardTokenization_GenerateToken</message>
  <nestedLevel>0</nestedLevel>
  <escapedJava>false</escapedJava>
  <property name="executionBindingVariables">[]</property>
  <property name="applitools">false</property>
  <property name="keywordsUsage">{
  &quot;web_ui&quot;: false,
  &quot;web_service&quot;: false,
  &quot;cucumber&quot;: false,
  &quot;builtin&quot;: false,
  &quot;mobile&quot;: false,
  &quot;windows&quot;: false,
  &quot;testng&quot;: false
}</property>
</record>
</log>
